2019-03-06 07:57:58,922 INFO o.a.j.u.JMeterUtils: Setting Locale to en_EN
2019-03-06 07:57:58,941 INFO o.a.j.JMeter: Loading user properties from: D:\dev\programs\apache-jmeter-5.1\bin\user.properties
2019-03-06 07:57:58,941 INFO o.a.j.JMeter: Loading system properties from: D:\dev\programs\apache-jmeter-5.1\bin\system.properties
2019-03-06 07:57:58,941 INFO o.a.j.JMeter: Setting JMeter property: jmeter.save.saveservice.output_format=xml
2019-03-06 07:57:58,946 INFO o.a.j.JMeter: Copyright (c) 1998-2019 The Apache Software Foundation
2019-03-06 07:57:58,946 INFO o.a.j.JMeter: Version 5.1 r1853635
2019-03-06 07:57:58,946 INFO o.a.j.JMeter: java.version=1.8.0_201
2019-03-06 07:57:58,946 INFO o.a.j.JMeter: java.vm.name=Java HotSpot(TM) 64-Bit Server VM
2019-03-06 07:57:58,946 INFO o.a.j.JMeter: os.name=Windows 10
2019-03-06 07:57:58,947 INFO o.a.j.JMeter: os.arch=amd64
2019-03-06 07:57:58,947 INFO o.a.j.JMeter: os.version=10.0
2019-03-06 07:57:58,947 INFO o.a.j.JMeter: file.encoding=Cp1252
2019-03-06 07:57:58,947 INFO o.a.j.JMeter: java.awt.headless=true
2019-03-06 07:57:58,947 INFO o.a.j.JMeter: Max memory     =1073741824
2019-03-06 07:57:58,947 INFO o.a.j.JMeter: Available Processors =4
2019-03-06 07:57:58,950 INFO o.a.j.JMeter: Default Locale=English (EN)
2019-03-06 07:57:58,951 INFO o.a.j.JMeter: JMeter  Locale=English (EN)
2019-03-06 07:57:58,951 INFO o.a.j.JMeter: JMeterHome=D:\dev\programs\apache-jmeter-5.1
2019-03-06 07:57:58,951 INFO o.a.j.JMeter: user.dir  =D:\dev\projects\ceiba-estacionamiento\workspace\ceiba-estacionamiento
2019-03-06 07:57:58,951 INFO o.a.j.JMeter: PWD       =D:\dev\projects\ceiba-estacionamiento\workspace\ceiba-estacionamiento
2019-03-06 07:57:58,953 INFO o.a.j.JMeter: IP: 192.168.18.66 Name: ELMER-URREA FullName: ELMER-URREA.ceiba.local
